[http-nio-8082-exec-2] DEBUG com.example.clinicaOdontologicaConORM.controllers.impl.PacienteController  - Id del paciente o del domicilio faltantes
[http-nio-8082-exec-6] DEBUG com.example.clinicaOdontologicaConORM.controllers.impl.OdontologoController  - Falta el id del odontólogo
[http-nio-8082-exec-8] DEBUG com.example.clinicaOdontologicaConORM.controllers.impl.OdontologoController  - No se logró eliminar el odontologo de la base de datos. El id 2 no fue encontrado.
[http-nio-8082-exec-3] DEBUG com.example.clinicaOdontologicaConORM.controllers.impl.PacienteController  - No hay pacientes aún cargados en la base de datos
[http-nio-8082-exec-6] DEBUG com.example.clinicaOdontologicaConORM.controllers.impl.PacienteController  - No se logró eliminar el paciente de la base de datos. El id 2 no fue encontrado en la base de datos.
[http-nio-8082-exec-9] DEBUG com.example.clinicaOdontologicaConORM.controllers.impl.PacienteController  - Id del paciente o del domicilio faltantes
[http-nio-8082-exec-2] DEBUG com.example.clinicaOdontologicaConORM.controllers.impl.PacienteController  - Id del paciente o del domicilio faltantes
[http-nio-8082-exec-5] DEBUG com.example.clinicaOdontologicaConORM.controllers.impl.PacienteController  - No se logró actualizar el paciente. El mismo no fue encontrado en la base de datos
[http-nio-8082-exec-4] DEBUG com.example.clinicaOdontologicaConORM.controllers.impl.PacienteController  - No se logró actualizar el paciente. El mismo no fue encontrado en la base de datos
[http-nio-8082-exec-5] DEBUG com.example.clinicaOdontologicaConORM.controllers.impl.PacienteController  - Id del paciente o del domicilio faltantes
[http-nio-8082-exec-6] DEBUG com.example.clinicaOdontologicaConORM.controllers.impl.PacienteController  - Id del paciente o del domicilio faltantes
[http-nio-8082-exec-1] DEBUG com.example.clinicaOdontologicaConORM.controllers.impl.PacienteController  - not-null property references a null or transient value : com.example.clinicaOdontologicaConORM.persistence.entities.Paciente.domicilio; nested exception is org.hibernate.PropertyValueException: not-null property references a null or transient value : com.example.clinicaOdontologicaConORM.persistence.entities.Paciente.domicilio
[http-nio-8082-exec-2] DEBUG com.example.clinicaOdontologicaConORM.controllers.impl.OdontologoController  - No hay odontólogos aún cargados en la base de datos
[http-nio-8082-exec-5] DEBUG com.example.clinicaOdontologicaConORM.controllers.impl.OdontologoController  - Falta el id del odontólogo
[http-nio-8082-exec-7] DEBUG com.example.clinicaOdontologicaConORM.controllers.impl.OdontologoController  - Falta el id del odontólogo
[http-nio-8082-exec-1] DEBUG com.example.clinicaOdontologicaConORM.controllers.impl.OdontologoController  - No hay odontólogos aún cargados en la base de datos
[http-nio-8082-exec-2] DEBUG com.example.clinicaOdontologicaConORM.controllers.impl.OdontologoController  - No hay odontólogos aún cargados en la base de datos
[http-nio-8082-exec-7] DEBUG com.example.clinicaOdontologicaConORM.controllers.impl.OdontologoController  - Falta el id del odontólogo
[http-nio-8082-exec-2] DEBUG com.example.clinicaOdontologicaConORM.controllers.impl.OdontologoController  - Falta el id del odontólogo
[http-nio-8082-exec-3] DEBUG com.example.clinicaOdontologicaConORM.controllers.impl.PacienteController  - No hay pacientes aún cargados en la base de datos
[http-nio-8082-exec-7] DEBUG com.example.clinicaOdontologicaConORM.controllers.impl.PacienteController  - No hay pacientes aún cargados en la base de datos
[http-nio-8082-exec-2] DEBUG com.example.clinicaOdontologicaConORM.controllers.impl.PacienteController  - No hay pacientes aún cargados en la base de datos
[http-nio-8082-exec-6] DEBUG com.example.clinicaOdontologicaConORM.controllers.impl.PacienteController  - No se logró actualizar el paciente. El paciente con id 10 no fue encontrado en la base de datos
[http-nio-8082-exec-7] DEBUG com.example.clinicaOdontologicaConORM.controllers.impl.PacienteController  - The given id must not be null!; nested exception is java.lang.IllegalArgumentException: The given id must not be null!
[http-nio-8082-exec-5] DEBUG com.example.clinicaOdontologicaConORM.controllers.impl.PacienteController  - could not prepare statement; SQL [select paciente0_.id as id1_2_, paciente0_.apellido as apellido2_2_, paciente0_.dni as dni3_2_, paciente0_.domicilio_id as domicili6_2_, paciente0_.fecha_ingreso as fecha_in4_2_, paciente0_.nombre as nombre5_2_ from pacientes paciente0_]; nested exception is org.hibernate.exception.SQLGrammarException: could not prepare statement
[http-nio-8082-exec-6] DEBUG com.example.clinicaOdontologicaConORM.controllers.impl.PacienteController  - could not prepare statement; SQL [select paciente0_.id as id1_2_, paciente0_.apellido as apellido2_2_, paciente0_.dni as dni3_2_, paciente0_.domicilio_id as domicili6_2_, paciente0_.fecha_ingreso as fecha_in4_2_, paciente0_.nombre as nombre5_2_ from pacientes paciente0_]; nested exception is org.hibernate.exception.SQLGrammarException: could not prepare statement
[http-nio-8082-exec-2] DEBUG com.example.clinicaOdontologicaConORM.controllers.impl.PacienteController  - No hay pacientes aún cargados en la base de datos
[http-nio-8082-exec-2] DEBUG com.example.clinicaOdontologicaConORM.controllers.impl.PacienteController  - No hay pacientes aún cargados en la base de datos
[http-nio-8082-exec-2] DEBUG com.example.clinicaOdontologicaConORM.controllers.impl.PacienteController  - No hay pacientes aún cargados en la base de datos
[http-nio-8082-exec-5] DEBUG com.example.clinicaOdontologicaConORM.controllers.impl.OdontologoController  - No hay odontólogos aún cargados en la base de datos
[http-nio-8082-exec-1] DEBUG com.example.clinicaOdontologicaConORM.controllers.impl.OdontologoController  - Cannot invoke "com.example.clinicaOdontologicaConORM.dto.PacienteDTO.getId()" because the return value of "com.example.clinicaOdontologicaConORM.dto.TurnoDTO.getPacienteDTO()" is null
[http-nio-8082-exec-3] DEBUG com.example.clinicaOdontologicaConORM.controllers.impl.OdontologoController  - detached entity passed to persist: com.example.clinicaOdontologicaConORM.persistence.entities.Odontologo; nested exception is org.hibernate.PersistentObjectException: detached entity passed to persist: com.example.clinicaOdontologicaConORM.persistence.entities.Odontologo
[http-nio-8082-exec-5] DEBUG com.example.clinicaOdontologicaConORM.controllers.impl.OdontologoController  - Cannot invoke "com.example.clinicaOdontologicaConORM.dto.PacienteDTO.getId()" because the return value of "com.example.clinicaOdontologicaConORM.dto.TurnoDTO.getPacienteDTO()" is null
[http-nio-8082-exec-6] DEBUG com.example.clinicaOdontologicaConORM.controllers.impl.OdontologoController  - detached entity passed to persist: com.example.clinicaOdontologicaConORM.persistence.entities.Odontologo; nested exception is org.hibernate.PersistentObjectException: detached entity passed to persist: com.example.clinicaOdontologicaConORM.persistence.entities.Odontologo
[http-nio-8082-exec-3] DEBUG com.example.clinicaOdontologicaConORM.controllers.impl.OdontologoController  - Cannot invoke "com.example.clinicaOdontologicaConORM.dto.PacienteDTO.getId()" because the return value of "com.example.clinicaOdontologicaConORM.dto.TurnoDTO.getPaciente()" is null
[http-nio-8082-exec-1] DEBUG com.example.clinicaOdontologicaConORM.controllers.impl.OdontologoController  - No class com.example.clinicaOdontologicaConORM.persistence.entities.Turno entity with id 1 exists!
[http-nio-8082-exec-4] DEBUG com.example.clinicaOdontologicaConORM.controllers.impl.OdontologoController  - No value present
[http-nio-8082-exec-2] DEBUG com.example.clinicaOdontologicaConORM.controllers.impl.OdontologoController  - The given id must not be null!; nested exception is java.lang.IllegalArgumentException: The given id must not be null!
[http-nio-8082-exec-3] DEBUG com.example.clinicaOdontologicaConORM.controllers.impl.OdontologoController  - No class com.example.clinicaOdontologicaConORM.persistence.entities.Turno entity with id 1 exists!
[http-nio-8088-exec-2] DEBUG com.example.clinicaOdontologicaConORM.controllers.impl.OdontologoController  - No hay odontólogos aún cargados en la base de datos
[http-nio-8088-exec-5] DEBUG com.example.clinicaOdontologicaConORM.controllers.impl.OdontologoController  - No hay odontólogos aún cargados en la base de datos
[http-nio-8082-exec-1] DEBUG com.example.clinicaOdontologicaConORM.controllers.impl.OdontologoController  - No hay odontólogos aún cargados en la base de datos
[http-nio-8082-exec-8] DEBUG com.example.clinicaOdontologicaConORM.controllers.impl.PacienteController  - No hay pacientes aún cargados en la base de datos
[http-nio-8082-exec-10] DEBUG com.example.clinicaOdontologicaConORM.controllers.impl.PacienteController  - No hay pacientes aún cargados en la base de datos
[http-nio-8082-exec-6] DEBUG com.example.clinicaOdontologicaConORM.controllers.impl.OdontologoController  - Falta el id del odontólogo
[http-nio-8082-exec-2] DEBUG com.example.clinicaOdontologicaConORM.controllers.impl.OdontologoController  - Falta el id del odontólogo
[http-nio-8082-exec-4] DEBUG com.example.clinicaOdontologicaConORM.controllers.impl.OdontologoController  - No hay odontólogos aún cargados en la base de datos
[http-nio-8082-exec-7] DEBUG com.example.clinicaOdontologicaConORM.controllers.impl.OdontologoController  - No se logró eliminar el odontologo de la base de datos. El id 1 no fue encontrado.
[http-nio-8082-exec-5] DEBUG com.example.clinicaOdontologicaConORM.controllers.impl.OdontologoController  - No hay turnos aún cargados
[http-nio-8082-exec-5] DEBUG com.example.clinicaOdontologicaConORM.controllers.impl.OdontologoController  - No hay turnos aún cargados
[http-nio-8082-exec-6] DEBUG com.example.clinicaOdontologicaConORM.controllers.impl.OdontologoController  - No hay turnos aún cargados
[http-nio-8082-exec-6] DEBUG com.example.clinicaOdontologicaConORM.controllers.impl.OdontologoController  - El paciente u odontologo no fueron encontrados en la base de datos
[http-nio-8082-exec-7] DEBUG com.example.clinicaOdontologicaConORM.controllers.impl.OdontologoController  - No fue encontrado el paciente con id 10
[http-nio-8082-exec-8] DEBUG com.example.clinicaOdontologicaConORM.controllers.impl.OdontologoController  - No fue encontrado el odontologo con id 10
[http-nio-8082-exec-6] DEBUG com.example.clinicaOdontologicaConORM.controllers.impl.OdontologoController  - No hay turnos aún cargados
[http-nio-8082-exec-7] DEBUG com.example.clinicaOdontologicaConORM.controllers.impl.OdontologoController  - No hay turnos aún cargados
[http-nio-8082-exec-8] DEBUG com.example.clinicaOdontologicaConORM.controllers.impl.OdontologoController  - No hay turnos aún cargados
[http-nio-8082-exec-9] DEBUG com.example.clinicaOdontologicaConORM.controllers.impl.OdontologoController  - No hay turnos aún cargados
[http-nio-8082-exec-2] DEBUG com.example.clinicaOdontologicaConORM.controllers.impl.OdontologoController  - No hay turnos aún cargados
[http-nio-8082-exec-4] DEBUG com.example.clinicaOdontologicaConORM.controllers.impl.OdontologoController  - No hay turnos aún cargados
[http-nio-8082-exec-7] DEBUG com.example.clinicaOdontologicaConORM.controllers.impl.OdontologoController  - No hay turnos aún cargados
[http-nio-8082-exec-6] DEBUG com.example.clinicaOdontologicaConORM.controllers.impl.OdontologoController  - No hay turnos aún cargados
[http-nio-8082-exec-6] DEBUG com.example.clinicaOdontologicaConORM.controllers.impl.OdontologoController  - No hay turnos aún cargados
[http-nio-8082-exec-7] DEBUG com.example.clinicaOdontologicaConORM.controllers.impl.OdontologoController  - No hay turnos aún cargados
[http-nio-8082-exec-8] DEBUG com.example.clinicaOdontologicaConORM.controllers.impl.OdontologoController  - No hay turnos aún cargados
[http-nio-8082-exec-9] DEBUG com.example.clinicaOdontologicaConORM.controllers.impl.OdontologoController  - No hay turnos aún cargados
[http-nio-8082-exec-5] DEBUG com.example.clinicaOdontologicaConORM.controllers.impl.OdontologoController  - El paciente u odontologo no fueron encontrados en la base de datos
[http-nio-8082-exec-6] DEBUG com.example.clinicaOdontologicaConORM.controllers.impl.OdontologoController  - No fue encontrado el odontologo con id 10
[http-nio-8082-exec-7] DEBUG com.example.clinicaOdontologicaConORM.controllers.impl.OdontologoController  - No fue encontrado el paciente con id 100
[http-nio-8082-exec-8] DEBUG com.example.clinicaOdontologicaConORM.controllers.impl.OdontologoController  - No fue encontrado el paciente con id 100
[http-nio-8082-exec-1] DEBUG com.example.clinicaOdontologicaConORM.controllers.impl.OdontologoController  - El odontologo con id 1 ya tiene un turno agendado en la fecha 2021-10-10
[http-nio-8082-exec-2] DEBUG com.example.clinicaOdontologicaConORM.controllers.impl.OdontologoController  - Faltan introducir el id del paciente u odontologo para crear el turno
[http-nio-8082-exec-10] DEBUG com.example.clinicaOdontologicaConORM.controllers.impl.OdontologoController  - No fue encontrado el paciente con id 10
[http-nio-8082-exec-1] DEBUG com.example.clinicaOdontologicaConORM.controllers.impl.OdontologoController  - El odontologo con id 1 ya tiene un turno agendado en la fecha 2021-10-10
[http-nio-8082-exec-2] DEBUG com.example.clinicaOdontologicaConORM.controllers.impl.OdontologoController  - No fue encontrado el turno en la base de datos
[http-nio-8082-exec-3] DEBUG com.example.clinicaOdontologicaConORM.controllers.impl.OdontologoController  - No fue encontrado el turno en la base de datos
[http-nio-8082-exec-5] DEBUG com.example.clinicaOdontologicaConORM.controllers.impl.OdontologoController  - No hay turnos aún cargados
[http-nio-8082-exec-6] DEBUG com.example.clinicaOdontologicaConORM.controllers.impl.OdontologoController  - No hay turnos cargados
[http-nio-8082-exec-10] DEBUG com.example.clinicaOdontologicaConORM.controllers.impl.OdontologoController  - El odontologo con id 1 ya tiene un turno agendado en la fecha 2021-10-10T16:49:10
[http-nio-8082-exec-7] DEBUG com.example.clinicaOdontologicaConORM.controllers.impl.OdontologoController  - No hay odontólogos aún cargados en la base de datos
[http-nio-8082-exec-9] DEBUG com.example.clinicaOdontologicaConORM.controllers.impl.OdontologoController  - No se logró eliminar el odontologo de la base de datos. El id 10 no fue encontrado.
[http-nio-8082-exec-7] DEBUG com.example.clinicaOdontologicaConORM.controllers.impl.OdontologoController  - No hay pacientes aún cargados en la base de datos
[http-nio-8082-exec-2] DEBUG com.example.clinicaOdontologicaConORM.controllers.impl.OdontologoController  - No se logró actualizar el paciente. El paciente con id 10 no fue encontrado en la base de datos
[http-nio-8082-exec-1] DEBUG com.example.clinicaOdontologicaConORM.controllers.impl.OdontologoController  - El domicilio con id 10 no fue encontrado en la base de datos
[http-nio-8082-exec-4] DEBUG com.example.clinicaOdontologicaConORM.controllers.impl.OdontologoController  - No se logró eliminar el paciente. El id 2 no fue encontrado en la base de datos.
[http-nio-8082-exec-10] DEBUG com.example.clinicaOdontologicaConORM.controllers.impl.OdontologoController  - No hay turnos cargados
[http-nio-8082-exec-3] DEBUG com.example.clinicaOdontologicaConORM.controllers.impl.OdontologoController  - No hay odontólogos aún cargados en la base de datos
[http-nio-8082-exec-2] DEBUG com.example.clinicaOdontologicaConORM.controllers.impl.OdontologoController  - No hay turnos cargados
[http-nio-8082-exec-3] DEBUG com.example.clinicaOdontologicaConORM.controllers.impl.OdontologoController  - No se logró actualizar el odontólogo. El odontólogo con id 0 no fue encontrado en la base de datos
[http-nio-8082-exec-4] DEBUG com.example.clinicaOdontologicaConORM.controllers.impl.OdontologoController  - No se logró actualizar el odontólogo. El odontólogo con id 0 no fue encontrado en la base de datos
